<?xml version="1.0" encoding="UTF-8"?>
<beans xmlns="http://www.springframework.org/schema/beans"
       xmlns:p="http://www.springframework.org/schema/p"
       xmlns:xsi="http://www.w3.org/2001/XMLSchema-instance"
       xmlns:context="http://www.springframework.org/schema/context"
       xmlns:tx="http://www.springframework.org/schema/tx"
       xmlns:jpa="http://www.springframework.org/schema/data/jpa"
       xsi:schemaLocation="http://www.springframework.org/schema/beans
       http://www.springframework.org/schema/beans/spring-beans.xsd
			http://www.springframework.org/schema/context
			http://www.springframework.org/schema/context/spring-context.xsd
			http://www.springframework.org/schema/tx
			http://www.springframework.org/schema/tx/spring-tx.xsd
			http://www.springframework.org/schema/data/jpa
			http://www.springframework.org/schema/data/jpa/spring-jpa-1.0.xsd">

    <!--<bean id="dataSource" class="org.apache.commons.dbcp.BasicDataSource"-->
          <!--destroy-method="close"-->
          <!--p:driverClassName="com.mysql.jdbc.Driver"-->
          <!--p:url="jdbc:mysql://localhost:3306/ccck8ptsa"-->
          <!--p:username="reminderportal"-->
          <!--p:password="password"/>-->

    <bean id="dataSource" class="org.apache.commons.dbcp.BasicDataSource"
          destroy-method="close"
          p:driverClassName="org.hsqldb.jdbcDriver"
          p:url="jdbc:hsqldb:mem:target:/db/reminderportal_idp;hsqldb.applog=1"
          p:username="sa"/>

    <bean name="eclipseLinkPersistenceProvider"
          class="org.eclipse.persistence.jpa.PersistenceProvider">
    </bean>

    <bean id="persistenceUnitManager"
          class="org.springframework.data.jpa.support.MergingPersistenceUnitManager">
        <property name="persistenceXmlLocations">
            <list>
                <value>classpath*:/META-INF/ccck8ptsa_persistence.xml</value>
            </list>
        </property>
        <property name="defaultDataSource" ref="dataSource"/>
    </bean>

    <bean id="entityManagerFactory"
          class="org.springframework.orm.jpa.LocalContainerEntityManagerFactoryBean">
        <property name="persistenceUnitName" value="ccck8ptsa"/>
        <property name="dataSource" ref="dataSource"/>
        <property name="persistenceProvider" ref="eclipseLinkPersistenceProvider"/>
        <property name="persistenceUnitManager" ref="persistenceUnitManager"/>
        <property name="jpaVendorAdapter">
            <bean
                    class="org.springframework.orm.jpa.vendor.EclipseLinkJpaVendorAdapter">
                <property name="databasePlatform"
                          value="org.eclipse.persistence.platform.database.${db.platform}"/>
                <property name="showSql" value="${jpa.showSql}"/>
                <property name="generateDdl" value="${jpa.generateDdl}"/>
            </bean>
        </property>
        <property name="jpaPropertyMap">
            <map>
                <entry key="eclipselink.logging.level" value="FINE"/>
            </map>
        </property>
    </bean>

    <bean id="jpaTestTransactionManager"
          class="org.springframework.orm.jpa.JpaTransactionManager">
        <property name="rollbackOnCommitFailure" value="true"/>
        <property name="entityManagerFactory" ref="entityManagerFactory"/>
    </bean>
    <context:annotation-config/>
    <context:component-scan base-package="org.ccck8ptsa.persistence.dao.impl"/>

    <tx:annotation-driven order="0" mode="proxy"/>
</beans>